<?xml version="1.0" encoding="UTF-8"?>
<testsuite name="Test for getting a figure - getFigure(int n)" tests="1" skipped="0" failures="0" errors="0" timestamp="2023-02-16T12:20:37" hostname="UTUMNO" time="0.001">
  <properties/>
  <testcase name="Test will whether getFigure() returns a correct figure" classname="com.kodilla.shape.ShapeCollectorTestSuite$TestGetFigure" time="0.001"/>
  <system-out><![CDATA[]]></system-out>
  <system-err><![CDATA[]]></system-err>
</testsuite>
