<?xml version="1.0" encoding="UTF-8"?>
<testsuite name="Tests for comments" tests="4" skipped="0" failures="0" errors="0" timestamp="2023-02-16T11:36:42" hostname="UTUMNO" time="0.039">
  <properties/>
  <testcase name="testRemoveCommentNotExisting()" classname="com.kodilla.forum.tdd.ForumTestSuite$TestComments" time="0.025"/>
  <testcase name="testRemoveComment()" classname="com.kodilla.forum.tdd.ForumTestSuite$TestComments" time="0.004"/>
  <testcase name="testGetComment()" classname="com.kodilla.forum.tdd.ForumTestSuite$TestComments" time="0.003"/>
  <testcase name="testAddComment()" classname="com.kodilla.forum.tdd.ForumTestSuite$TestComments" time="0.001"/>
  <system-out><![CDATA[Preparing to execute test #1
Preparing to execute test #2
Preparing to execute test #3
Preparing to execute test #4
]]></system-out>
  <system-err><![CDATA[]]></system-err>
</testsuite>
