<?xml version="1.0" encoding="UTF-8"?>
<testsuite name="Test for displaying figures - showFigures()" tests="1" skipped="0" failures="0" errors="0" timestamp="2023-02-16T12:20:37" hostname="UTUMNO" time="0.033">
  <properties/>
  <testcase name="Test will whether showFigures() returns desirable value" classname="com.kodilla.shape.ShapeCollectorTestSuite$TestShowFigures" time="0.033"/>
  <system-out><![CDATA[]]></system-out>
  <system-err><![CDATA[]]></system-err>
</testsuite>
