<?xml version="1.0" encoding="UTF-8"?>
<testsuite name="Tests for comments" tests="4" skipped="0" failures="0" errors="0" timestamp="2023-02-19T16:09:52" hostname="UTUMNO" time="0.014">
  <properties/>
  <testcase name="testRemoveCommentNotExisting()" classname="tdd.ForumTestSuite$TestComments" time="0.008"/>
  <testcase name="testRemoveComment()" classname="tdd.ForumTestSuite$TestComments" time="0.001"/>
  <testcase name="testGetComment()" classname="tdd.ForumTestSuite$TestComments" time="0.0"/>
  <testcase name="testAddComment()" classname="tdd.ForumTestSuite$TestComments" time="0.001"/>
  <system-out><![CDATA[Preparing to execute test #1
Preparing to execute test #2
Preparing to execute test #3
Preparing to execute test #4
]]></system-out>
  <system-err><![CDATA[]]></system-err>
</testsuite>
