<?xml version="1.0" encoding="UTF-8"?>
<testsuite name="Tests for adding a figure - ddFigure(Shape shape)" tests="1" skipped="0" failures="0" errors="0" timestamp="2023-02-16T16:25:33" hostname="UTUMNO" time="0.0">
  <properties/>
  <testcase name="Test will check if size of a list has been incremented after adding a new figure" classname="shape.ShapeCollectorTestSuite$TestAddingFigure" time="0.0"/>
  <system-out><![CDATA[]]></system-out>
  <system-err><![CDATA[]]></system-err>
</testsuite>
