<?xml version="1.0" encoding="UTF-8"?>
<testsuite name="Tests for posts" tests="4" skipped="0" failures="0" errors="0" timestamp="2023-02-16T13:50:56" hostname="UTUMNO" time="0.006">
  <properties/>
  <testcase name="testRemovePostNotExisting()" classname="tdd.ForumTestSuite$TestPosts" time="0.001"/>
  <testcase name="testAddPost()" classname="tdd.ForumTestSuite$TestPosts" time="0.001"/>
  <testcase name="testGetPost()" classname="tdd.ForumTestSuite$TestPosts" time="0.001"/>
  <testcase name="testRemovePost()" classname="tdd.ForumTestSuite$TestPosts" time="0.0"/>
  <system-out><![CDATA[Preparing to execute test #5
Preparing to execute test #6
Preparing to execute test #7
Preparing to execute test #8
]]></system-out>
  <system-err><![CDATA[]]></system-err>
</testsuite>
