<?xml version="1.0" encoding="UTF-8"?>
<testsuite name="Forum Test Suite" tests="2" skipped="0" failures="0" errors="0" timestamp="2023-02-16T10:17:47" hostname="UTUMNO" time="0.029">
  <properties/>
  <testcase name="when create SimpleUser with realname, then getRealname should return real user name" classname="com.kodilla.forum.ForumTestSuite" time="0.025"/>
  <testcase name="when create SimpleUser with name, then getUsername should return correct name" classname="com.kodilla.forum.ForumTestSuite" time="0.002"/>
  <system-out><![CDATA[Test Suite: begin
Test Case: begin
Testing John Smith
Test Case: end
Test Case: begin
Testing theForumUser
Test Case: end
Test Suite: end
]]></system-out>
  <system-err><![CDATA[]]></system-err>
</testsuite>
