<?xml version="1.0" encoding="UTF-8"?>
<testsuite name="invoice.simple.SimpleInvoiceTestSuite" tests="1" skipped="0" failures="0" errors="0" timestamp="2023-02-20T12:56:36" hostname="UTUMNO" time="0.006">
  <properties/>
  <testcase name="testGetValueToPay()" classname="invoice.simple.SimpleInvoiceTestSuite" time="0.006"/>
  <system-out><![CDATA[]]></system-out>
  <system-err><![CDATA[]]></system-err>
</testsuite>
