<?xml version="1.0" encoding="UTF-8"?>
<testsuite name="sand.SandStorageTestSuite" tests="2" skipped="0" failures="0" errors="0" timestamp="2023-02-20T12:56:36" hostname="UTUMNO" time="0.008">
  <properties/>
  <testcase name="testGetSandBeansQuantity()" classname="sand.SandStorageTestSuite" time="0.005"/>
  <testcase name="testGetSandBeansQuantityWithReduce()" classname="sand.SandStorageTestSuite" time="0.002"/>
  <system-out><![CDATA[]]></system-out>
  <system-err><![CDATA[]]></system-err>
</testsuite>
