<?xml version="1.0" encoding="UTF-8"?>
<testsuite name="forum.ForumUserTestSuite" tests="2" skipped="0" failures="0" errors="0" timestamp="2023-02-20T12:56:36" hostname="UTUMNO" time="0.038">
  <properties/>
  <testcase name="testGetLocationsOfFriends()" classname="forum.ForumUserTestSuite" time="0.035"/>
  <testcase name="testGetLocationsOfFriendsOfFriends()" classname="forum.ForumUserTestSuite" time="0.001"/>
  <system-out><![CDATA[]]></system-out>
  <system-err><![CDATA[]]></system-err>
</testsuite>
