<?xml version="1.0" encoding="UTF-8"?>
<testsuite name="world.WorldTestSuite" tests="1" skipped="0" failures="0" errors="0" timestamp="2023-03-01T14:40:49" hostname="UTUMNO" time="0.028">
  <properties/>
  <testcase name="testGetPeopleQuantity()" classname="world.WorldTestSuite" time="0.028"/>
  <system-out><![CDATA[]]></system-out>
  <system-err><![CDATA[]]></system-err>
</testsuite>
