<?xml version="1.0" encoding="UTF-8"?>
<testsuite name="forum.ForumUserTestSuite" tests="1" skipped="0" failures="0" errors="0" timestamp="2023-02-22T10:23:16" hostname="UTUMNO" time="0.039">
  <properties/>
  <testcase name="testGetLocationsOfFriendsOfFriends()" classname="forum.ForumUserTestSuite" time="0.039"/>
  <system-out><![CDATA[[Key West, Washington, Miami]
]]></system-out>
  <system-err><![CDATA[]]></system-err>
</testsuite>
