<?xml version="1.0" encoding="UTF-8"?>
<testsuite name="portfolio.StringMirrorImage" tests="3" skipped="0" failures="0" errors="0" timestamp="2023-02-28T09:46:19" hostname="UTUMNO" time="0.029">
  <properties/>
  <testcase name="testReverseString()" classname="portfolio.StringMirrorImage" time="0.024"/>
  <testcase name="testReverseStringUsingStreams()" classname="portfolio.StringMirrorImage" time="0.002"/>
  <testcase name="testReverseStringWithStringBuilderReverseMethod()" classname="portfolio.StringMirrorImage" time="0.001"/>
  <system-out><![CDATA[]]></system-out>
  <system-err><![CDATA[]]></system-err>
</testsuite>
