<?xml version="1.0" encoding="UTF-8"?>
<testsuite name="portfolio.BoardTestSuite" tests="5" skipped="0" failures="0" errors="0" timestamp="2023-02-28T07:58:57" hostname="UTUMNO" time="0.056">
  <properties/>
  <testcase name="testAddTaskList()" classname="portfolio.BoardTestSuite" time="0.034"/>
  <testcase name="testAddTaskListAverageWorkingOnTask()" classname="portfolio.BoardTestSuite" time="0.007"/>
  <testcase name="testAddTaskListFindUsersTasks()" classname="portfolio.BoardTestSuite" time="0.002"/>
  <testcase name="testAddTaskListFindLongTasks()" classname="portfolio.BoardTestSuite" time="0.004"/>
  <testcase name="testAddTaskListFindOutdatedTasks()" classname="portfolio.BoardTestSuite" time="0.003"/>
  <system-out><![CDATA[]]></system-out>
  <system-err><![CDATA[]]></system-err>
</testsuite>
