<?xml version="1.0" encoding="UTF-8"?>
<testsuite name="com.kodilla.exception.exercise.SecondChallengeTestSuite" tests="1" skipped="0" failures="0" errors="0" timestamp="2023-03-01T13:32:28" hostname="UTUMNO" time="0.033">
  <properties/>
  <testcase name="testProbablyIWillThrowException()" classname="com.kodilla.exception.exercise.SecondChallengeTestSuite" time="0.033"/>
  <system-out><![CDATA[]]></system-out>
  <system-err><![CDATA[]]></system-err>
</testsuite>
