<?xml version="1.0" encoding="UTF-8"?>
<testsuite name="mock.Exercise" tests="4" skipped="0" failures="0" errors="0" timestamp="2023-02-16T14:00:41" hostname="UTUMNO" time="1.289">
  <properties/>
  <testcase name="testCalculateAverageTemperature()" classname="mock.Exercise" time="1.271"/>
  <testcase name="testCalculateMedianTemperatureForOddNumber()" classname="mock.Exercise" time="0.004"/>
  <testcase name="testCalculateForecastWithMock()" classname="mock.Exercise" time="0.004"/>
  <testcase name="testCalculateMedianTemperatureForEvenNumber()" classname="mock.Exercise" time="0.004"/>
  <system-out><![CDATA[]]></system-out>
  <system-err><![CDATA[]]></system-err>
</testsuite>
