<?xml version="1.0" encoding="UTF-8"?>
<testsuite name="mock.WeatherForecastTestSuiteWithMockAdnotation" tests="1" skipped="0" failures="0" errors="0" timestamp="2023-02-16T14:00:43" hostname="UTUMNO" time="0.003">
  <properties/>
  <testcase name="testCalculateForecastWithMock()" classname="mock.WeatherForecastTestSuiteWithMockAdnotation" time="0.003"/>
  <system-out><![CDATA[]]></system-out>
  <system-err><![CDATA[]]></system-err>
</testsuite>
