<?xml version="1.0" encoding="UTF-8"?>
<testsuite name="stub.WeatherForecastTestSuite" tests="1" skipped="0" failures="0" errors="0" timestamp="2023-02-16T14:00:43" hostname="UTUMNO" time="0.002">
  <properties/>
  <testcase name="testCalculateForecastWithStub()" classname="stub.WeatherForecastTestSuite" time="0.002"/>
  <system-out><![CDATA[]]></system-out>
  <system-err><![CDATA[]]></system-err>
</testsuite>
